2023-08-21 21:04:31 - Starting GithubApiApplication using Java 17.0.8 with PID 23296 (C:\Users\Kamil\Desktop\Projects\ZTI_projekt_2023\backend-githubAPI\target\classes started by Kamil in C:\Users\Kamil\Desktop\Projects\ZTI_projekt_2023\backend-githubAPI)
2023-08-21 21:04:31 - No active profile set, falling back to 1 default profile: "default"
2023-08-21 21:04:31 - Devtools property defaults active! Set 'spring.devtools.add-properties' to 'false' to disable
2023-08-21 21:04:31 - For additional web related logging consider setting the 'logging.level.web' property to 'DEBUG'
2023-08-21 21:04:32 - Bootstrapping Spring Data JPA repositories in DEFAULT mode.
2023-08-21 21:04:32 - Finished Spring Data repository scanning in 8 ms. Found 0 JPA repository interfaces.
2023-08-21 21:04:32 - Tomcat initialized with port(s): 8080 (http)
2023-08-21 21:04:32 - Starting service [Tomcat]
2023-08-21 21:04:32 - Starting Servlet engine: [Apache Tomcat/10.1.11]
2023-08-21 21:04:32 - Initializing Spring embedded WebApplicationContext
2023-08-21 21:04:32 - Root WebApplicationContext: initialization completed in 919 ms
2023-08-21 21:04:32 - No LoadTimeWeaver setup: ignoring JPA class transformer
2023-08-21 21:04:32 - HikariPool-1 - maxLifetime is less than 30000ms, setting to default 1800000ms.
2023-08-21 21:04:32 - HikariPool-1 - Starting...
2023-08-21 21:04:33 - HikariPool-1 - Added connection org.postgresql.jdbc.PgConnection@60f3b70e
2023-08-21 21:04:33 - HikariPool-1 - Start completed.
2023-08-21 21:04:34 - Initialized JPA EntityManagerFactory for persistence unit 'default'
2023-08-21 21:04:34 - spring.jpa.open-in-view is enabled by default. Therefore, database queries may be performed during view rendering. Explicitly configure spring.jpa.open-in-view to disable this warning
2023-08-21 21:04:34 - LiveReload server is running on port 35729
2023-08-21 21:04:34 - Tomcat started on port(s): 8080 (http) with context path ''
2023-08-21 21:04:34 - Started GithubApiApplication in 3.554 seconds (process running for 4.187)
2023-08-21 21:04:51 - Closing JPA EntityManagerFactory for persistence unit 'default'
2023-08-21 21:04:51 - HikariPool-1 - Shutdown initiated...
2023-08-21 21:04:51 - HikariPool-1 - Shutdown completed.
2023-08-21 21:05:04 - Starting GithubApiApplication using Java 17.0.8 with PID 23200 (C:\Users\Kamil\Desktop\Projects\ZTI_projekt_2023\backend-githubAPI\target\classes started by Kamil in C:\Users\Kamil\Desktop\Projects\ZTI_projekt_2023\backend-githubAPI)
2023-08-21 21:05:04 - No active profile set, falling back to 1 default profile: "default"
2023-08-21 21:05:04 - Devtools property defaults active! Set 'spring.devtools.add-properties' to 'false' to disable
2023-08-21 21:05:04 - For additional web related logging consider setting the 'logging.level.web' property to 'DEBUG'
2023-08-21 21:05:05 - Bootstrapping Spring Data JPA repositories in DEFAULT mode.
2023-08-21 21:05:05 - Finished Spring Data repository scanning in 9 ms. Found 0 JPA repository interfaces.
2023-08-21 21:05:05 - Tomcat initialized with port(s): 8080 (http)
2023-08-21 21:05:05 - Starting service [Tomcat]
2023-08-21 21:05:05 - Starting Servlet engine: [Apache Tomcat/10.1.11]
2023-08-21 21:05:05 - Initializing Spring embedded WebApplicationContext
2023-08-21 21:05:05 - Root WebApplicationContext: initialization completed in 849 ms
2023-08-21 21:05:05 - No LoadTimeWeaver setup: ignoring JPA class transformer
2023-08-21 21:05:05 - HikariPool-1 - maxLifetime is less than 30000ms, setting to default 1800000ms.
2023-08-21 21:05:05 - HikariPool-1 - Starting...
2023-08-21 21:05:06 - HikariPool-1 - Added connection org.postgresql.jdbc.PgConnection@21922134
2023-08-21 21:05:06 - HikariPool-1 - Start completed.
2023-08-21 21:05:07 - Initialized JPA EntityManagerFactory for persistence unit 'default'
2023-08-21 21:05:07 - spring.jpa.open-in-view is enabled by default. Therefore, database queries may be performed during view rendering. Explicitly configure spring.jpa.open-in-view to disable this warning
2023-08-21 21:05:07 - LiveReload server is running on port 35729
2023-08-21 21:05:07 - Tomcat started on port(s): 8080 (http) with context path ''
2023-08-21 21:05:07 - Started GithubApiApplication in 2.973 seconds (process running for 3.264)
